La génération a démarré 20.11.2012 12:43:14.
     1>Projet "C:\Users\Raffaele\Documents\Dropbox\Code\GitHub\HDR Project\Example\src\IN55_HDR\IN55_HDR.vcxproj" sur le nœud 2 (build cible(s)).
     1>InitializeBuildStatus:
         Création de "Debug\IN55_HDR.unsuccessfulbuild", car "AlwaysCreate" a été spécifié.
       ClCompile:
         c:\Program Files (x86)\Microsoft Visual Studio 10.0\VC\bin\CL.exe /c /ZI /nologo /W3 /WX- /Od /Oy- /D WIN32 /D _DEBUG /D _WINDOWS /D _MBCS /Gm /EHsc /RTC1 /MDd /GS /fp:precise /Zc:wchar_t /Zc:forScope /Fo"Debug\\" /Fd"Debug\vc100.pdb" /Gd /TP /analyze- /errorReport:prompt HdrApp.cpp main.cpp Camera.cpp Color.cpp Math.cpp Matrix4.cpp Vector3.cpp DownSampler.cpp OpenGLFBO.cpp OpenGLFont.cpp OpenGLRenderer.cpp OpenGLShader.cpp OpenGLTexture2D.cpp OpenGLTextureCube.cpp OpenGLApp.cpp Image.cpp ImageManager.cpp TriMesh.cpp TriMeshManager.cpp MemoryManager.cpp File.cpp
         File.cpp
     1>c:\users\raffaele\documents\dropbox\code\github\hdr project\example\src\in55_hdr\std.h(24): fatal error C1083: Impossible d'ouvrir le fichier include : 'boost/thread/thread.hpp' : No such file or directory
         MemoryManager.cpp
     1>c:\users\raffaele\documents\dropbox\code\github\hdr project\example\src\in55_hdr\std.h(24): fatal error C1083: Impossible d'ouvrir le fichier include : 'boost/thread/thread.hpp' : No such file or directory
         TriMeshManager.cpp
     1>c:\users\raffaele\documents\dropbox\code\github\hdr project\example\src\in55_hdr\std.h(24): fatal error C1083: Impossible d'ouvrir le fichier include : 'boost/thread/thread.hpp' : No such file or directory
         TriMesh.cpp
     1>c:\users\raffaele\documents\dropbox\code\github\hdr project\example\src\in55_hdr\std.h(24): fatal error C1083: Impossible d'ouvrir le fichier include : 'boost/thread/thread.hpp' : No such file or directory
         ImageManager.cpp
     1>c:\users\raffaele\documents\dropbox\code\github\hdr project\example\src\in55_hdr\std.h(24): fatal error C1083: Impossible d'ouvrir le fichier include : 'boost/thread/thread.hpp' : No such file or directory
         Image.cpp
     1>c:\users\raffaele\documents\dropbox\code\github\hdr project\example\src\in55_hdr\std.h(24): fatal error C1083: Impossible d'ouvrir le fichier include : 'boost/thread/thread.hpp' : No such file or directory
         OpenGLApp.cpp
     1>c:\users\raffaele\documents\dropbox\code\github\hdr project\example\src\in55_hdr\std.h(24): fatal error C1083: Impossible d'ouvrir le fichier include : 'boost/thread/thread.hpp' : No such file or directory
         OpenGLTextureCube.cpp
     1>c:\users\raffaele\documents\dropbox\code\github\hdr project\example\src\in55_hdr\opengl.h(11): fatal error C1083: Impossible d'ouvrir le fichier include : 'SDL.h' : No such file or directory
         OpenGLTexture2D.cpp
     1>c:\users\raffaele\documents\dropbox\code\github\hdr project\example\src\in55_hdr\opengl.h(11): fatal error C1083: Impossible d'ouvrir le fichier include : 'SDL.h' : No such file or directory
         OpenGLShader.cpp
     1>c:\users\raffaele\documents\dropbox\code\github\hdr project\example\src\in55_hdr\std.h(24): fatal error C1083: Impossible d'ouvrir le fichier include : 'boost/thread/thread.hpp' : No such file or directory
         OpenGLRenderer.cpp
     1>c:\users\raffaele\documents\dropbox\code\github\hdr project\example\src\in55_hdr\std.h(24): fatal error C1083: Impossible d'ouvrir le fichier include : 'boost/thread/thread.hpp' : No such file or directory
         OpenGLFont.cpp
     1>c:\users\raffaele\documents\dropbox\code\github\hdr project\example\src\in55_hdr\std.h(24): fatal error C1083: Impossible d'ouvrir le fichier include : 'boost/thread/thread.hpp' : No such file or directory
         OpenGLFBO.cpp
     1>c:\users\raffaele\documents\dropbox\code\github\hdr project\example\src\in55_hdr\opengl.h(11): fatal error C1083: Impossible d'ouvrir le fichier include : 'SDL.h' : No such file or directory
         DownSampler.cpp
     1>c:\users\raffaele\documents\dropbox\code\github\hdr project\example\src\in55_hdr\opengl.h(11): fatal error C1083: Impossible d'ouvrir le fichier include : 'SDL.h' : No such file or directory
         Vector3.cpp
     1>c:\users\raffaele\documents\dropbox\code\github\hdr project\example\src\in55_hdr\std.h(24): fatal error C1083: Impossible d'ouvrir le fichier include : 'boost/thread/thread.hpp' : No such file or directory
         Matrix4.cpp
     1>c:\users\raffaele\documents\dropbox\code\github\hdr project\example\src\in55_hdr\std.h(24): fatal error C1083: Impossible d'ouvrir le fichier include : 'boost/thread/thread.hpp' : No such file or directory
         Math.cpp
     1>c:\users\raffaele\documents\dropbox\code\github\hdr project\example\src\in55_hdr\std.h(24): fatal error C1083: Impossible d'ouvrir le fichier include : 'boost/thread/thread.hpp' : No such file or directory
         Color.cpp
         Camera.cpp
     1>c:\users\raffaele\documents\dropbox\code\github\hdr project\example\src\in55_hdr\std.h(24): fatal error C1083: Impossible d'ouvrir le fichier include : 'boost/thread/thread.hpp' : No such file or directory
         main.cpp
     1>c:\users\raffaele\documents\dropbox\code\github\hdr project\example\src\in55_hdr\std.h(24): fatal error C1083: Impossible d'ouvrir le fichier include : 'boost/thread/thread.hpp' : No such file or directory
         Génération de code en cours...
         Compilation en cours...
         HdrApp.cpp
     1>c:\users\raffaele\documents\dropbox\code\github\hdr project\example\src\in55_hdr\std.h(24): fatal error C1083: Impossible d'ouvrir le fichier include : 'boost/thread/thread.hpp' : No such file or directory
         Génération de code en cours...
     1>Génération du projet "C:\Users\Raffaele\Documents\Dropbox\Code\GitHub\HDR Project\Example\src\IN55_HDR\IN55_HDR.vcxproj" terminée (build cible(s)) -- ÉCHEC.

ÉCHEC de la build.

Temps écoulé 00:00:17.98
