La génération a démarré 20.11.2012 10:19:43.
     1>Projet "C:\Users\Raffaele\Documents\Dropbox\Code\GitHub\HDR Project\visualstudio\HDR\HDR.vcxproj" sur le nœud 2 (build cible(s)).
     1>InitializeBuildStatus:
         Mise à jour de l'horodatage "Release\HDR.unsuccessfulbuild".
       ClCompile:
         c:\Program Files (x86)\Microsoft Visual Studio 10.0\VC\bin\CL.exe /c /I"C:\Users\Raffaele\Documents\Dropbox\Code\GitHub\HDR Project\visualstudio\HDR\\..\libs" /Zi /nologo /W3 /WX- /O2 /Oy- /GL /D WIN32 /D NDEBUG /D _CONSOLE /D _USE_MATH_DEFINES /D _UNICODE /D UNICODE /Gm- /EHsc /MD /GS /fp:precise /Zc:wchar_t /Zc:forScope /Fo"Release\\" /Fd"Release\vc100.pdb" /Gd /TP /analyze- /errorReport:prompt ..\..\src\HDR\HDRViewer.cpp
         HDRViewer.cpp
       Link:
         c:\Program Files (x86)\Microsoft Visual Studio 10.0\VC\bin\link.exe /ERRORREPORT:PROMPT /OUT:"C:\Users\Raffaele\Documents\Dropbox\Code\GitHub\HDR Project\visualstudio\HDR\Release\HDR.exe" /INCREMENTAL:NO /NOLOGO /LIBPATH:"C:\Users\Raffaele\Documents\Dropbox\Code\GitHub\HDR Project\visualstudio\HDR\\..\libs" glut32.lib glew32.lib kernel32.lib user32.lib gdi32.lib winspool.lib comdlg32.lib advapi32.lib shell32.lib ole32.lib oleaut32.lib uuid.lib odbc32.lib odbccp32.lib /MANIFEST /ManifestFile:"Release\HDR.exe.intermediate.manifest" /MANIFESTUAC:"level='asInvoker' uiAccess='false'" /DEBUG /PDB:"C:\Users\Raffaele\Documents\Dropbox\Code\GitHub\HDR Project\visualstudio\HDR\Release\HDR.pdb" /SUBSYSTEM:CONSOLE /OPT:REF /OPT:ICF /LTCG /TLBID:1 /DYNAMICBASE:NO /IMPLIB:"C:\Users\Raffaele\Documents\Dropbox\Code\GitHub\HDR Project\visualstudio\HDR\Release\HDR.lib" /MACHINE:X86 Release\HDRViewer.obj
         Release\main.obj
         Release\fbo.obj
         Release\GlutViewer.obj
         Release\Mesh3D.obj
         Release\shader.obj
         Release\texture.obj
         Release\TrackballViewer.obj
         Génération de code en cours
         Fin de la génération du code
         HDR.vcxproj -> C:\Users\Raffaele\Documents\Dropbox\Code\GitHub\HDR Project\visualstudio\HDR\Release\HDR.exe
       Manifest:
         C:\Program Files (x86)\Microsoft SDKs\Windows\v7.0A\bin\mt.exe /nologo /verbose /outputresource:"C:\Users\Raffaele\Documents\Dropbox\Code\GitHub\HDR Project\visualstudio\HDR\Release\HDR.exe;#1" /manifest Release\HDR.exe.intermediate.manifest
       FinalizeBuildStatus:
         Suppression du fichier "Release\HDR.unsuccessfulbuild".
         Mise à jour de l'horodatage "Release\HDR.lastbuildstate".
     1>Génération du projet "C:\Users\Raffaele\Documents\Dropbox\Code\GitHub\HDR Project\visualstudio\HDR\HDR.vcxproj" terminée (build cible(s)).

La génération a réussi.

Temps écoulé 00:00:04.28
