C:\Users\Raffaele\Documents\Dropbox\Code\GitHub\HDR Project\visualstudio\HDR\Release\cl.command.1.tlog
C:\Users\Raffaele\Documents\Dropbox\Code\GitHub\HDR Project\visualstudio\HDR\Release\CL.read.1.tlog
C:\Users\Raffaele\Documents\Dropbox\Code\GitHub\HDR Project\visualstudio\HDR\Release\CL.write.1.tlog
C:\USERS\RAFFAELE\DOCUMENTS\DROPBOX\CODE\GITHUB\HDR PROJECT\VISUALSTUDIO\HDR\RELEASE\FBO.OBJ
C:\USERS\RAFFAELE\DOCUMENTS\DROPBOX\CODE\GITHUB\HDR PROJECT\VISUALSTUDIO\HDR\RELEASE\GLUTVIEWER.OBJ
C:\USERS\RAFFAELE\DOCUMENTS\DROPBOX\CODE\GITHUB\HDR PROJECT\VISUALSTUDIO\HDR\RELEASE\HDR.EXE
C:\USERS\RAFFAELE\DOCUMENTS\DROPBOX\CODE\GITHUB\HDR PROJECT\VISUALSTUDIO\HDR\RELEASE\HDR.EXE.INTERMEDIATE.MANIFEST
C:\USERS\RAFFAELE\DOCUMENTS\DROPBOX\CODE\GITHUB\HDR PROJECT\VISUALSTUDIO\HDR\RELEASE\HDR.PDB
C:\Users\Raffaele\Documents\Dropbox\Code\GitHub\HDR Project\visualstudio\HDR\Release\HDR.vcxprojResolveAssemblyReference.cache
C:\Users\Raffaele\Documents\Dropbox\Code\GitHub\HDR Project\visualstudio\HDR\Release\HDR.write.1.tlog
C:\USERS\RAFFAELE\DOCUMENTS\DROPBOX\CODE\GITHUB\HDR PROJECT\VISUALSTUDIO\HDR\RELEASE\HDRVIEWER.OBJ
C:\Users\Raffaele\Documents\Dropbox\Code\GitHub\HDR Project\visualstudio\HDR\Release\link.command.1.tlog
C:\Users\Raffaele\Documents\Dropbox\Code\GitHub\HDR Project\visualstudio\HDR\Release\link.read.1.tlog
C:\Users\Raffaele\Documents\Dropbox\Code\GitHub\HDR Project\visualstudio\HDR\Release\link.write.1.tlog
C:\USERS\RAFFAELE\DOCUMENTS\DROPBOX\CODE\GITHUB\HDR PROJECT\VISUALSTUDIO\HDR\RELEASE\MAIN.OBJ
C:\USERS\RAFFAELE\DOCUMENTS\DROPBOX\CODE\GITHUB\HDR PROJECT\VISUALSTUDIO\HDR\RELEASE\MESH3D.OBJ
C:\Users\Raffaele\Documents\Dropbox\Code\GitHub\HDR Project\visualstudio\HDR\Release\mt.command.1.tlog
C:\Users\Raffaele\Documents\Dropbox\Code\GitHub\HDR Project\visualstudio\HDR\Release\mt.read.1.tlog
C:\Users\Raffaele\Documents\Dropbox\Code\GitHub\HDR Project\visualstudio\HDR\Release\mt.write.1.tlog
C:\USERS\RAFFAELE\DOCUMENTS\DROPBOX\CODE\GITHUB\HDR PROJECT\VISUALSTUDIO\HDR\RELEASE\SHADER.OBJ
C:\USERS\RAFFAELE\DOCUMENTS\DROPBOX\CODE\GITHUB\HDR PROJECT\VISUALSTUDIO\HDR\RELEASE\TEXTURE.OBJ
C:\USERS\RAFFAELE\DOCUMENTS\DROPBOX\CODE\GITHUB\HDR PROJECT\VISUALSTUDIO\HDR\RELEASE\TRACKBALLVIEWER.OBJ
C:\USERS\RAFFAELE\DOCUMENTS\DROPBOX\CODE\GITHUB\HDR PROJECT\VISUALSTUDIO\HDR\RELEASE\VC100.PDB
